d:\수업\게임 소프트웨어\simplegame\simplegame\x64\debug\simplegame.pch
d:\수업\게임 소프트웨어\simplegame\simplegame\x64\debug\vc141.pdb
d:\수업\게임 소프트웨어\simplegame\simplegame\x64\debug\vc141.idb
d:\수업\게임 소프트웨어\simplegame\simplegame\x64\debug\stdafx.obj
d:\수업\게임 소프트웨어\simplegame\simplegame\x64\debug\renderer.obj
d:\수업\게임 소프트웨어\simplegame\simplegame\x64\debug\simplegame.obj
d:\수업\게임 소프트웨어\simplegame\simplegame\x64\debug\object.obj
d:\수업\게임 소프트웨어\simplegame\simplegame\x64\debug\scnmgr.obj
d:\수업\게임 소프트웨어\simplegame\x64\debug\simplegame.pdb
d:\수업\게임 소프트웨어\simplegame\simplegame\x64\debug\simplegame.tlog\cl.command.1.tlog
d:\수업\게임 소프트웨어\simplegame\simplegame\x64\debug\simplegame.tlog\cl.read.1.tlog
d:\수업\게임 소프트웨어\simplegame\simplegame\x64\debug\simplegame.tlog\cl.write.1.tlog
d:\수업\게임 소프트웨어\simplegame\simplegame\x64\debug\simplegame.tlog\link-cvtres.read.1.tlog
d:\수업\게임 소프트웨어\simplegame\simplegame\x64\debug\simplegame.tlog\link-cvtres.write.1.tlog
d:\수업\게임 소프트웨어\simplegame\simplegame\x64\debug\simplegame.tlog\link-rc.read.1.tlog
d:\수업\게임 소프트웨어\simplegame\simplegame\x64\debug\simplegame.tlog\link-rc.write.1.tlog
d:\수업\게임 소프트웨어\simplegame\simplegame\x64\debug\simplegame.tlog\link.17732-cvtres.read.1.tlog
d:\수업\게임 소프트웨어\simplegame\simplegame\x64\debug\simplegame.tlog\link.17732-cvtres.write.1.tlog
d:\수업\게임 소프트웨어\simplegame\simplegame\x64\debug\simplegame.tlog\link.17732-rc.read.1.tlog
d:\수업\게임 소프트웨어\simplegame\simplegame\x64\debug\simplegame.tlog\link.17732-rc.write.1.tlog
d:\수업\게임 소프트웨어\simplegame\simplegame\x64\debug\simplegame.tlog\link.17732.read.1.tlog
d:\수업\게임 소프트웨어\simplegame\simplegame\x64\debug\simplegame.tlog\link.17732.write.1.tlog
d:\수업\게임 소프트웨어\simplegame\simplegame\x64\debug\simplegame.tlog\link.command.1.tlog
d:\수업\게임 소프트웨어\simplegame\simplegame\x64\debug\simplegame.tlog\link.read.1.tlog
d:\수업\게임 소프트웨어\simplegame\simplegame\x64\debug\simplegame.tlog\link.write.1.tlog
